<?xml version="1.0" encoding="UTF-8"?>
<testng-results ignored="0" total="4" passed="4" failed="0" skipped="0">
  <reporter-output>
  </reporter-output>
  <suite started-at="2026-03-02T08:00:47 IST" name="Default suite" finished-at="2026-03-02T08:00:50 IST" duration-ms="3122">
    <groups>
      <group name="cucumber">
        <method signature="AbstractTestNGCucumberTests.runScenario(io.cucumber.testng.PickleWrapper,io.cucumber.testng.FeatureWrapper)[pri:0, instance:Cucumber.Options.TestRunner@4e50c791]" name="runScenario" class="io.cucumber.testng.AbstractTestNGCucumberTests"/>
      </group> <!-- cucumber -->
    </groups>
    <test started-at="2026-03-02T08:00:47 IST" name="Default test" finished-at="2026-03-02T08:00:50 IST" duration-ms="3122">
      <class name="Cucumber.Options.TestRunner">
        <test-method is-config="true" signature="setUpClass(org.testng.ITestContext)[pri:0, instance:Cucumber.Options.TestRunner@4e50c791]" started-at="2026-03-02T08:00:47 IST" name="setUpClass" finished-at="2026-03-02T08:00:47 IST" duration-ms="171" status="PASS">
          <params>
            <param index="0">
              <value>
                <![CDATA[org.testng.TestRunner@5d94ac8a]]>
              </value>
            </param>
          </params>
          <reporter-output>
          </reporter-output>
        </test-method> <!-- setUpClass -->
        <test-method signature="runScenario(io.cucumber.testng.PickleWrapper,io.cucumber.testng.FeatureWrapper)[pri:0, instance:Cucumber.Options.TestRunner@4e50c791]" started-at="2026-03-02T08:00:47 IST" name="runScenario" description="Runs Cucumber Scenarios" data-provider="scenarios" finished-at="2026-03-02T08:00:50 IST" duration-ms="2434" status="PASS">
          <params>
            <param index="0">
              <value>
                <![CDATA["verify user is able to add single Book"]]>
              </value>
            </param>
            <param index="1">
              <value>
                <![CDATA["Verify Add Book"]]>
              </value>
            </param>
          </params>
          <reporter-output>
          </reporter-output>
        </test-method> <!-- runScenario -->
        <test-method signature="runScenario(io.cucumber.testng.PickleWrapper,io.cucumber.testng.FeatureWrapper)[pri:0, instance:Cucumber.Options.TestRunner@4e50c791]" started-at="2026-03-02T08:00:50 IST" name="runScenario" description="Runs Cucumber Scenarios" data-provider="scenarios" finished-at="2026-03-02T08:00:50 IST" duration-ms="165" status="PASS">
          <params>
            <param index="0">
              <value>
                <![CDATA["Verify Book Addition using Data Paramterisation"]]>
              </value>
            </param>
            <param index="1">
              <value>
                <![CDATA["Verify Add Book"]]>
              </value>
            </param>
          </params>
          <reporter-output>
          </reporter-output>
        </test-method> <!-- runScenario -->
        <test-method signature="runScenario(io.cucumber.testng.PickleWrapper,io.cucumber.testng.FeatureWrapper)[pri:0, instance:Cucumber.Options.TestRunner@4e50c791]" started-at="2026-03-02T08:00:50 IST" name="runScenario" description="Runs Cucumber Scenarios" data-provider="scenarios" finished-at="2026-03-02T08:00:50 IST" duration-ms="137" status="PASS">
          <params>
            <param index="0">
              <value>
                <![CDATA["Verify Book Addition using Data Paramterisation"]]>
              </value>
            </param>
            <param index="1">
              <value>
                <![CDATA["Verify Add Book"]]>
              </value>
            </param>
          </params>
          <reporter-output>
          </reporter-output>
        </test-method> <!-- runScenario -->
        <test-method signature="runScenario(io.cucumber.testng.PickleWrapper,io.cucumber.testng.FeatureWrapper)[pri:0, instance:Cucumber.Options.TestRunner@4e50c791]" started-at="2026-03-02T08:00:50 IST" name="runScenario" description="Runs Cucumber Scenarios" data-provider="scenarios" finished-at="2026-03-02T08:00:50 IST" duration-ms="161" status="PASS">
          <params>
            <param index="0">
              <value>
                <![CDATA["Verify Book Addition using Data Paramterisation"]]>
              </value>
            </param>
            <param index="1">
              <value>
                <![CDATA["Verify Add Book"]]>
              </value>
            </param>
          </params>
          <reporter-output>
          </reporter-output>
        </test-method> <!-- runScenario -->
        <test-method is-config="true" signature="tearDownClass()[pri:0, instance:Cucumber.Options.TestRunner@4e50c791]" started-at="2026-03-02T08:00:50 IST" name="tearDownClass" finished-at="2026-03-02T08:00:50 IST" duration-ms="2" status="PASS">
          <reporter-output>
          </reporter-output>
        </test-method> <!-- tearDownClass -->
      </class> <!-- Cucumber.Options.TestRunner -->
    </test> <!-- Default test -->
  </suite> <!-- Default suite -->
</testng-results>
