<?xml version="1.0" encoding="UTF-8"?>
<testng-results ignored="0" total="5" passed="5" failed="0" skipped="0">
  <reporter-output>
  </reporter-output>
  <suite started-at="2026-03-05T08:02:18 IST" name="Default suite" finished-at="2026-03-05T08:02:32 IST" duration-ms="14472">
    <groups>
      <group name="cucumber">
        <method signature="AbstractTestNGCucumberTests.runScenario(io.cucumber.testng.PickleWrapper,io.cucumber.testng.FeatureWrapper)[pri:0, instance:Cucumber.Options.TestRunner@4e50c791]" name="runScenario" class="io.cucumber.testng.AbstractTestNGCucumberTests"/>
      </group> <!-- cucumber -->
    </groups>
    <test started-at="2026-03-05T08:02:18 IST" name="Default test" finished-at="2026-03-05T08:02:32 IST" duration-ms="14472">
      <class name="Cucumber.Options.TestRunner">
        <test-method is-config="true" signature="setUpClass(org.testng.ITestContext)[pri:0, instance:Cucumber.Options.TestRunner@4e50c791]" started-at="2026-03-05T08:02:18 IST" name="setUpClass" finished-at="2026-03-05T08:02:20 IST" duration-ms="2265" status="PASS">
          <params>
            <param index="0">
              <value>
                <![CDATA[org.testng.TestRunner@360432d3]]>
              </value>
            </param>
          </params>
          <reporter-output>
          </reporter-output>
        </test-method> <!-- setUpClass -->
        <test-method signature="runScenario(io.cucumber.testng.PickleWrapper,io.cucumber.testng.FeatureWrapper)[pri:0, instance:Cucumber.Options.TestRunner@4e50c791]" started-at="2026-03-05T08:02:20 IST" name="runScenario" description="Runs Cucumber Scenarios" data-provider="scenarios" finished-at="2026-03-05T08:02:27 IST" duration-ms="6836" status="PASS">
          <params>
            <param index="0">
              <value>
                <![CDATA["verify user is able to add single Book"]]>
              </value>
            </param>
            <param index="1">
              <value>
                <![CDATA["Verify Add Book"]]>
              </value>
            </param>
          </params>
          <reporter-output>
          </reporter-output>
        </test-method> <!-- runScenario -->
        <test-method signature="runScenario(io.cucumber.testng.PickleWrapper,io.cucumber.testng.FeatureWrapper)[pri:0, instance:Cucumber.Options.TestRunner@4e50c791]" started-at="2026-03-05T08:02:27 IST" name="runScenario" description="Runs Cucumber Scenarios" data-provider="scenarios" finished-at="2026-03-05T08:02:27 IST" duration-ms="306" status="PASS">
          <params>
            <param index="0">
              <value>
                <![CDATA["Verify Book Addition using Data Paramterisation"]]>
              </value>
            </param>
            <param index="1">
              <value>
                <![CDATA["Verify Add Book"]]>
              </value>
            </param>
          </params>
          <reporter-output>
          </reporter-output>
        </test-method> <!-- runScenario -->
        <test-method signature="runScenario(io.cucumber.testng.PickleWrapper,io.cucumber.testng.FeatureWrapper)[pri:0, instance:Cucumber.Options.TestRunner@4e50c791]" started-at="2026-03-05T08:02:27 IST" name="runScenario" description="Runs Cucumber Scenarios" data-provider="scenarios" finished-at="2026-03-05T08:02:28 IST" duration-ms="284" status="PASS">
          <params>
            <param index="0">
              <value>
                <![CDATA["Verify Book Addition using Data Paramterisation"]]>
              </value>
            </param>
            <param index="1">
              <value>
                <![CDATA["Verify Add Book"]]>
              </value>
            </param>
          </params>
          <reporter-output>
          </reporter-output>
        </test-method> <!-- runScenario -->
        <test-method signature="runScenario(io.cucumber.testng.PickleWrapper,io.cucumber.testng.FeatureWrapper)[pri:0, instance:Cucumber.Options.TestRunner@4e50c791]" started-at="2026-03-05T08:02:28 IST" name="runScenario" description="Runs Cucumber Scenarios" data-provider="scenarios" finished-at="2026-03-05T08:02:28 IST" duration-ms="273" status="PASS">
          <params>
            <param index="0">
              <value>
                <![CDATA["Verify Book Addition using Data Paramterisation"]]>
              </value>
            </param>
            <param index="1">
              <value>
                <![CDATA["Verify Add Book"]]>
              </value>
            </param>
          </params>
          <reporter-output>
          </reporter-output>
        </test-method> <!-- runScenario -->
        <test-method signature="runScenario(io.cucumber.testng.PickleWrapper,io.cucumber.testng.FeatureWrapper)[pri:0, instance:Cucumber.Options.TestRunner@4e50c791]" started-at="2026-03-05T08:02:28 IST" name="runScenario" description="Runs Cucumber Scenarios" data-provider="scenarios" finished-at="2026-03-05T08:02:28 IST" duration-ms="509" status="PASS">
          <params>
            <param index="0">
              <value>
                <![CDATA["Verify user is able to retrive book using ID"]]>
              </value>
            </param>
            <param index="1">
              <value>
                <![CDATA["Verify Get Book Feature of API"]]>
              </value>
            </param>
          </params>
          <reporter-output>
          </reporter-output>
        </test-method> <!-- runScenario -->
        <test-method is-config="true" signature="tearDownClass()[pri:0, instance:Cucumber.Options.TestRunner@4e50c791]" started-at="2026-03-05T08:02:28 IST" name="tearDownClass" finished-at="2026-03-05T08:02:32 IST" duration-ms="3845" status="PASS">
          <reporter-output>
          </reporter-output>
        </test-method> <!-- tearDownClass -->
      </class> <!-- Cucumber.Options.TestRunner -->
    </test> <!-- Default test -->
  </suite> <!-- Default suite -->
</testng-results>
