<?xml version="1.0" encoding="UTF-8"?>
<!-- Generated by org.testng.reporters.JUnitReportReporter -->
<testsuite hostname="DESKTOP-8C0LO3K" failures="1" tests="1" name="Cucumber.Options.TestRunner" time="3.450" errors="0" timestamp="2026-02-27T08:05:34 IST" skipped="0">
  <testcase classname="Cucumber.Options.TestRunner" name="runScenario" time="3.450">
    <failure message="Key mismatch expected [successfully] but found [successfully added]" type="java.lang.AssertionError">
      <![CDATA[java.lang.AssertionError: Key mismatch expected [successfully] but found [successfully added]
at org.testng.Assert.fail(Assert.java:111)
at org.testng.Assert.failNotEquals(Assert.java:1578)
at org.testng.Assert.assertEqualsImpl(Assert.java:150)
at org.testng.Assert.assertEquals(Assert.java:132)
at org.testng.Assert.assertEquals(Assert.java:656)
at stepDefinitions.AddBookStepDefinition.response_should_contain_message(AddBookStepDefinition.java:42)
at ✽.response should contain message "successfully"(file:///C:/Users/InfoBahn/eclipse-workspace/CucumberApi_BFeb2026/src/main/java/featureFiles/AddBook.feature:8)
]]>
    </failure>
  </testcase> <!-- runScenario -->
</testsuite> <!-- Cucumber.Options.TestRunner -->
