<?xml version="1.0" encoding="UTF-8"?>
<!-- Generated by org.testng.reporters.JUnitReportReporter -->
<testsuite hostname="DESKTOP-8C0LO3K" failures="0" tests="4" name="Cucumber.Options.TestRunner" time="2.897" errors="0" timestamp="2026-03-02T08:00:50 IST" skipped="0">
  <testcase classname="Cucumber.Options.TestRunner" name="runScenario" time="0.161"/>
  <testcase classname="Cucumber.Options.TestRunner" name="runScenario" time="0.165"/>
  <testcase classname="Cucumber.Options.TestRunner" name="runScenario" time="0.137"/>
  <testcase classname="Cucumber.Options.TestRunner" name="runScenario" time="2.434"/>
</testsuite> <!-- Cucumber.Options.TestRunner -->
